<?xml version="1.0" encoding="UTF-8"?>
<testng-results ignored="0" total="1" passed="1" failed="0" skipped="0">
  <reporter-output>
  </reporter-output>
  <suite started-at="2024-09-27T10:55:19 IST" name="Default suite" finished-at="2024-09-27T10:55:27 IST" duration-ms="7964">
    <groups>
    </groups>
    <test started-at="2024-09-27T10:55:19 IST" name="Default test" finished-at="2024-09-27T10:55:27 IST" duration-ms="7964">
      <class name="manjuswt.pm1">
        <test-method is-config="true" signature="beforeTest()[pri:0, instance:manjuswt.pm1@7b9a4292]" started-at="2024-09-27T10:55:19 IST" name="beforeTest" finished-at="2024-09-27T10:55:27 IST" duration-ms="7679" status="PASS">
          <reporter-output>
          </reporter-output>
        </test-method> <!-- beforeTest -->
        <test-method signature="f()[pri:0, instance:manjuswt.pm1@7b9a4292]" started-at="2024-09-27T10:55:27 IST" name="f" finished-at="2024-09-27T10:55:27 IST" duration-ms="17" status="PASS">
          <reporter-output>
          </reporter-output>
        </test-method> <!-- f -->
        <test-method is-config="true" signature="afterTest()[pri:0, instance:manjuswt.pm1@7b9a4292]" started-at="2024-09-27T10:55:27 IST" name="afterTest" finished-at="2024-09-27T10:55:27 IST" duration-ms="212" status="PASS">
          <reporter-output>
          </reporter-output>
        </test-method> <!-- afterTest -->
      </class> <!-- manjuswt.pm1 -->
    </test> <!-- Default test -->
  </suite> <!-- Default suite -->
</testng-results>
